Price file:        gld.plt
Parameter file:    gld.par
Range file:        (null)
Exp fit:           0
Linear prices:     0
Weight window:     0
Max iterations:    2147483647
LM iterations:     100000
Print iterations:  1
Epsilon:           1e-120
Start fit:         80
OpenMP threads:    8
Interpolation:     0
Noise power:       1.340505553488322e-312
Diffusion (var):   2.890476314568129e-314
Relaxation (tau):  2.368096446564055e-310
Seed:              3265430368
Penny round:       0
A=1031.28
B=1026.35
D=1026.35
T=175.5471
m=9.19171278272457e-05
C=-1.63403e-05
w=11.0322267827269
p=1.9635
a=-1.63403e-05
r=11.0322267827269

Iterations 0
Average error: 0.0001124783629201392

Iterations 118
A=1031.281262866195
B=1026.349264351769
D=1026.349264351769
T=176.4079534065017
m=9.15791436668628e-05
C=-1.634270167163963e-05
w=11.0215664700752
p=2.037608734830343
a=-1.634270167163963e-05
r=11.0215664700752
Average error: 9.669035152230925e-05
info[0]: 0.008210920493170161
info[1]: 0.007058395661128576
info[2]: 0.0005536631096276778
info[3]: 0
info[4]: 7.779232392717447e-17
info[5]: 118
info[6]: 2
info[7]: 3115
info[8]: 118
info[9]: 118
Variance
p[0]: 0.0004140323396296473
p[1]: 0.0004140599675432578
p[2]: 11.26038019475016
p[3]: 7.183803982885105e-11
p[4]: 2.540195411127571e-12
p[5]: 0.8741643473036491
p[6]: 19.96205412502444
Correlation
1	
-1	1	
-0.971	0.971	1	
0.999	-0.998	-0.959	1	
-0.153	0.153	0.109	-0.164	1	
-0.958	0.958	0.978	-0.949	0.11	1	
0.963	-0.962	-0.985	0.953	-0.11	-0.999	1	
Levmar iterations: 100000
Levmar time: 0.049607
Linear time: 0.000297

Iterations 119
A=1031.309075207244
B=1026.377066540268
D=1026.377066540268
T=176.4079534065017
m=9.15791436668628e-05
C=-1.634259438367529e-05
w=11.0215664700752
p=2.037608734830343
a=-1.634259438367529e-05
r=11.0215664700752
Average error: 9.669035006597837e-05
info[0]: 0.007058395554816421
info[1]: 0.007058395554816421
info[2]: 0.001068537786494517
info[3]: 0
info[4]: 2.064860401206234e-28
info[5]: 1
info[6]: 2
info[7]: 379
info[8]: 1
info[9]: 1
Variance
p[0]: 0.000414078436557166
p[1]: 0.0004140212411499372
p[2]: 11.25988475142949
p[3]: 7.183475448654822e-11
p[4]: 2.540057686253765e-12
p[5]: 0.8741264172094058
p[6]: 19.96118485082609
Correlation
1	
-1	1	
-0.971	0.971	1	
0.999	-0.998	-0.959	1	
-0.153	0.153	0.109	-0.164	1	
-0.958	0.958	0.978	-0.949	0.11	1	
0.963	-0.962	-0.985	0.953	-0.11	-0.999	1	
Levmar iterations: 100000
Levmar time: 0.005389
Linear time: 0.000193

Iterations 120
A=1031.309075207244
B=1026.377066540268
D=1026.377066540268
T=176.4079534065017
m=9.15791436668628e-05
C=-1.634259438367529e-05
w=11.0215664700752
p=2.037608734830343
a=-1.634259438367529e-05
r=11.0215664700752
Average error: 9.669035006597837e-05
info[0]: 0.007058395554816421
info[1]: 0.007058395554816421
info[2]: 0.001068537786494517
info[3]: 0
info[4]: 5.48080872408568e-40
info[5]: 1
info[6]: 2
info[7]: 379
info[8]: 1
info[9]: 1
Variance
p[0]: 0.000414078436557166
p[1]: 0.0004140212411499372
p[2]: 11.25988475142949
p[3]: 7.183475448654822e-11
p[4]: 2.540057686253765e-12
p[5]: 0.8741264172094058
p[6]: 19.96118485082609
Correlation
1	
-1	1	
-0.971	0.971	1	
0.999	-0.998	-0.959	1	
-0.153	0.153	0.109	-0.164	1	
-0.958	0.958	0.978	-0.949	0.11	1	
0.963	-0.962	-0.985	0.953	-0.11	-0.999	1	
Levmar iterations: 100000
Levmar time: 0.005345
Linear time: 0.000195

Iterations 121
A=1031.309075207244
B=1026.377066540268
D=1026.377066540268
T=176.4079534065017
m=9.15791436668628e-05
C=-1.634259438367529e-05
w=11.0215664700752
p=2.037608734830343
a=-1.634259438367529e-05
r=11.0215664700752
Average error: 9.669035006597837e-05
info[0]: 0.007058395554816421
info[1]: 0.007058395554816421
info[2]: 0.001068537786494517
info[3]: 0
info[4]: 1.454784267859735e-51
info[5]: 1
info[6]: 2
info[7]: 379
info[8]: 1
info[9]: 1
Variance
p[0]: 0.000414078436557166
p[1]: 0.0004140212411499372
p[2]: 11.25988475142949
p[3]: 7.183475448654822e-11
p[4]: 2.540057686253765e-12
p[5]: 0.8741264172094058
p[6]: 19.96118485082609
Correlation
1	
-1	1	
-0.971	0.971	1	
0.999	-0.998	-0.959	1	
-0.153	0.153	0.109	-0.164	1	
-0.958	0.958	0.978	-0.949	0.11	1	
0.963	-0.962	-0.985	0.953	-0.11	-0.999	1	
Levmar iterations: 100000
Levmar time: 0.005439
Linear time: 0.000219

Iterations 122
A=1031.309075207244
B=1026.377066540268
D=1026.377066540268
T=176.4079534065017
m=9.15791436668628e-05
C=-1.634259438367529e-05
w=11.0215664700752
p=2.037608734830343
a=-1.634259438367529e-05
r=11.0215664700752
Average error: 9.669035006597837e-05
info[0]: 0.007058395554816421
info[1]: 0.007058395554816421
info[2]: 0.001068537786494517
info[3]: 0
info[4]: 3.861468941091804e-63
info[5]: 1
info[6]: 2
info[7]: 379
info[8]: 1
info[9]: 1
Variance
p[0]: 0.000414078436557166
p[1]: 0.0004140212411499372
p[2]: 11.25988475142949
p[3]: 7.183475448654822e-11
p[4]: 2.540057686253765e-12
p[5]: 0.8741264172094058
p[6]: 19.96118485082609
Correlation
1	
-1	1	
-0.971	0.971	1	
0.999	-0.998	-0.959	1	
-0.153	0.153	0.109	-0.164	1	
-0.958	0.958	0.978	-0.949	0.11	1	
0.963	-0.962	-0.985	0.953	-0.11	-0.999	1	
Levmar iterations: 100000
Levmar time: 0.005463
Linear time: 0.000192

Iterations 123
A=1031.309075207244
B=1026.377066540268
D=1026.377066540268
T=176.4079534065017
m=9.15791436668628e-05
C=-1.634259438367529e-05
w=11.0215664700752
p=2.037608734830343
a=-1.634259438367529e-05
r=11.0215664700752
Average error: 9.669035006597837e-05
info[0]: 0.007058395554816421
info[1]: 0.007058395554816421
info[2]: 0.001068537786494517
info[3]: 0
info[4]: 1.024959006805421e-74
info[5]: 1
info[6]: 2
info[7]: 379
info[8]: 1
info[9]: 1
Variance
p[0]: 0.000414078436557166
p[1]: 0.0004140212411499372
p[2]: 11.25988475142949
p[3]: 7.183475448654822e-11
p[4]: 2.540057686253765e-12
p[5]: 0.8741264172094058
p[6]: 19.96118485082609
Correlation
1	
-1	1	
-0.971	0.971	1	
0.999	-0.998	-0.959	1	
-0.153	0.153	0.109	-0.164	1	
-0.958	0.958	0.978	-0.949	0.11	1	
0.963	-0.962	-0.985	0.953	-0.11	-0.999	1	
Levmar iterations: 100000
Levmar time: 0.005509
Linear time: 0.000195

Iterations 124
A=1031.309075207244
B=1026.377066540268
D=1026.377066540268
T=176.4079534065017
m=9.15791436668628e-05
C=-1.634259438367529e-05
w=11.0215664700752
p=2.037608734830343
a=-1.634259438367529e-05
r=11.0215664700752
Average error: 9.669035006597837e-05
info[0]: 0.007058395554816421
info[1]: 0.007058395554816421
info[2]: 0.001068537786494517
info[3]: 0
info[4]: 2.72057339229698e-86
info[5]: 1
info[6]: 2
info[7]: 379
info[8]: 1
info[9]: 1
Variance
p[0]: 0.000414078436557166
p[1]: 0.0004140212411499372
p[2]: 11.25988475142949
p[3]: 7.183475448654822e-11
p[4]: 2.540057686253765e-12
p[5]: 0.8741264172094058
p[6]: 19.96118485082609
Correlation
1	
-1	1	
-0.971	0.971	1	
0.999	-0.998	-0.959	1	
-0.153	0.153	0.109	-0.164	1	
-0.958	0.958	0.978	-0.949	0.11	1	
0.963	-0.962	-0.985	0.953	-0.11	-0.999	1	
Levmar iterations: 100000
Levmar time: 0.00538
Linear time: 0.000195

Iterations 125
A=1031.309075207244
B=1026.377066540268
D=1026.377066540268
T=176.4079534065017
m=9.15791436668628e-05
C=-1.634259438367529e-05
w=11.0215664700752
p=2.037608734830343
a=-1.634259438367529e-05
r=11.0215664700752
Average error: 9.669035006597837e-05
info[0]: 0.007058395554816421
info[1]: 0.007058395554816421
info[2]: 0.001068537786494517
info[3]: 0
info[4]: 7.221283518394804e-98
info[5]: 1
info[6]: 2
info[7]: 379
info[8]: 1
info[9]: 1
Variance
p[0]: 0.000414078436557166
p[1]: 0.0004140212411499372
p[2]: 11.25988475142949
p[3]: 7.183475448654822e-11
p[4]: 2.540057686253765e-12
p[5]: 0.8741264172094058
p[6]: 19.96118485082609
Correlation
1	
-1	1	
-0.971	0.971	1	
0.999	-0.998	-0.959	1	
-0.153	0.153	0.109	-0.164	1	
-0.958	0.958	0.978	-0.949	0.11	1	
0.963	-0.962	-0.985	0.953	-0.11	-0.999	1	
Levmar iterations: 100000
Levmar time: 0.005361
Linear time: 0.000189

Iterations 126
A=1031.309075207244
B=1026.377066540268
D=1026.377066540268
T=176.4079534065017
m=9.15791436668628e-05
C=-1.634259438367529e-05
w=11.0215664700752
p=2.037608734830343
a=-1.634259438367529e-05
r=11.0215664700752
Average error: 9.669035006597837e-05
info[0]: 0.007058395554816421
info[1]: 0.007058395554816421
info[2]: 0.001068537786494517
info[3]: 0
info[4]: 1.916762686891266e-109
info[5]: 1
info[6]: 2
info[7]: 379
info[8]: 1
info[9]: 1
Variance
p[0]: 0.000414078436557166
p[1]: 0.0004140212411499372
p[2]: 11.25988475142949
p[3]: 7.183475448654822e-11
p[4]: 2.540057686253765e-12
p[5]: 0.8741264172094058
p[6]: 19.96118485082609
Correlation
1	
-1	1	
-0.971	0.971	1	
0.999	-0.998	-0.959	1	
-0.153	0.153	0.109	-0.164	1	
-0.958	0.958	0.978	-0.949	0.11	1	
0.963	-0.962	-0.985	0.953	-0.11	-0.999	1	
Levmar iterations: 100000
Levmar time: 0.005394
Linear time: 0.000215

Iterations 127
A=1031.309075207244
B=1026.377066540268
D=1026.377066540268
T=176.4079534065017
m=9.15791436668628e-05
C=-1.634259438367529e-05
w=11.0215664700752
p=2.037608734830343
a=-1.634259438367529e-05
r=11.0215664700752
Average error: 9.669035006597837e-05
info[0]: 0.007058395554816421
info[1]: 0.007058395554816421
info[2]: 0.001068537786494517
info[3]: 0
info[4]: 5.08770939196596e-121
info[5]: 1
info[6]: 2
info[7]: 379
info[8]: 1
info[9]: 1
Variance
p[0]: 0.000414078436557166
p[1]: 0.0004140212411499372
p[2]: 11.25988475142949
p[3]: 7.183475448654822e-11
p[4]: 2.540057686253765e-12
p[5]: 0.8741264172094058
p[6]: 19.96118485082609
Correlation
1	
-1	1	
-0.971	0.971	1	
0.999	-0.998	-0.959	1	
-0.153	0.153	0.109	-0.164	1	
-0.958	0.958	0.978	-0.949	0.11	1	
0.963	-0.962	-0.985	0.953	-0.11	-0.999	1	
Levmar iterations: 100000
Levmar time: 0.005435
Linear time: 0.000194

Iterations 128
A=1031.309075207244
B=1026.377066540268
D=1026.377066540268
T=176.4079534065017
m=9.15791436668628e-05
C=-1.634259438367529e-05
w=11.0215664700752
p=2.037608734830343
a=-1.634259438367529e-05
r=11.0215664700752
Average error: 9.669035006597837e-05
info[0]: 0.007058395554816421
info[1]: 0.007058395554816421
info[2]: 0.001068537786494517
info[3]: 0
info[4]: 1.350442964803344e-132
info[5]: 1
info[6]: 2
info[7]: 379
info[8]: 1
info[9]: 1
Variance
p[0]: 0.000414078436557166
p[1]: 0.0004140212411499372
p[2]: 11.25988475142949
p[3]: 7.183475448654822e-11
p[4]: 2.540057686253765e-12
p[5]: 0.8741264172094058
p[6]: 19.96118485082609
Correlation
1	
-1	1	
-0.971	0.971	1	
0.999	-0.998	-0.959	1	
-0.153	0.153	0.109	-0.164	1	
-0.958	0.958	0.978	-0.949	0.11	1	
0.963	-0.962	-0.985	0.953	-0.11	-0.999	1	
Levmar iterations: 100000
Levmar time: 0.005435
Linear time: 0.000195

Iterations 129
A=1031.309075207244
B=1026.377066540268
D=1026.377066540268
T=176.4079534065017
m=9.15791436668628e-05
C=-1.634259438367529e-05
w=11.0215664700752
p=2.037608734830343
a=-1.634259438367529e-05
r=11.0215664700752
Average error: 9.669035006597837e-05
info[0]: 0.007058395554816421
info[1]: 0.007058395554816421
info[2]: 0.001068537786494517
info[3]: 0
info[4]: 3.584513305863455e-144
info[5]: 1
info[6]: 2
info[7]: 379
info[8]: 1
info[9]: 1
Variance
p[0]: 0.000414078436557166
p[1]: 0.0004140212411499372
p[2]: 11.25988475142949
p[3]: 7.183475448654822e-11
p[4]: 2.540057686253765e-12
p[5]: 0.8741264172094058
p[6]: 19.96118485082609
Correlation
1	
-1	1	
-0.971	0.971	1	
0.999	-0.998	-0.959	1	
-0.153	0.153	0.109	-0.164	1	
-0.958	0.958	0.978	-0.949	0.11	1	
0.963	-0.962	-0.985	0.953	-0.11	-0.999	1	
Levmar iterations: 100000
Levmar time: 0.005435
Linear time: 0.000194

Iterations 130
A=1031.309075207244
B=1026.377066540268
D=1026.377066540268
T=176.4079534065017
m=9.15791436668628e-05
C=-1.634259438367529e-05
w=11.0215664700752
p=2.037608734830343
a=-1.634259438367529e-05
r=11.0215664700752
Average error: 9.669035006597837e-05
info[0]: 0.007058395554816421
info[1]: 0.007058395554816421
info[2]: 0.001068537786494517
info[3]: 0
info[4]: 9.514460051101256e-156
info[5]: 1
info[6]: 2
info[7]: 379
info[8]: 1
info[9]: 1
Variance
p[0]: 0.000414078436557166
p[1]: 0.0004140212411499372
p[2]: 11.25988475142949
p[3]: 7.183475448654822e-11
p[4]: 2.540057686253765e-12
p[5]: 0.8741264172094058
p[6]: 19.96118485082609
Correlation
1	
-1	1	
-0.971	0.971	1	
0.999	-0.998	-0.959	1	
-0.153	0.153	0.109	-0.164	1	
-0.958	0.958	0.978	-0.949	0.11	1	
0.963	-0.962	-0.985	0.953	-0.11	-0.999	1	
Levmar iterations: 100000
Levmar time: 0.005414
Linear time: 0.000192

Iterations 131
A=1031.309075207244
B=1026.377066540268
D=1026.377066540268
T=176.4079534065017
m=9.15791436668628e-05
C=-1.634259438367529e-05
w=11.0215664700752
p=2.037608734830343
a=-1.634259438367529e-05
r=11.0215664700752
Average error: 9.669035006597837e-05
info[0]: 0.007058395554816421
info[1]: 0.007058395554816421
info[2]: 0.001068537786494517
info[3]: 0
info[4]: 2.525446060304012e-167
info[5]: 1
info[6]: 2
info[7]: 379
info[8]: 1
info[9]: 1
Variance
p[0]: 0.000414078436557166
p[1]: 0.0004140212411499372
p[2]: 11.25988475142949
p[3]: 7.183475448654822e-11
p[4]: 2.540057686253765e-12
p[5]: 0.8741264172094058
p[6]: 19.96118485082609
Correlation
1	
-1	1	
-0.971	0.971	1	
0.999	-0.998	-0.959	1	
-0.153	0.153	0.109	-0.164	1	
-0.958	0.958	0.978	-0.949	0.11	1	
0.963	-0.962	-0.985	0.953	-0.11	-0.999	1	
Levmar iterations: 100000
Levmar time: 0.005431
Linear time: 0.000217

Iterations 132
A=1031.309075207244
B=1026.377066540268
D=1026.377066540268
T=176.4079534065017
m=9.15791436668628e-05
C=-1.634259438367529e-05
w=11.0215664700752
p=2.037608734830343
a=-1.634259438367529e-05
r=11.0215664700752
Average error: 9.669035006597837e-05
info[0]: 0.007058395554816421
info[1]: 0.007058395554816421
info[2]: 0.001068537786494517
info[3]: 0
info[4]: 6.703352338703491e-179
info[5]: 1
info[6]: 2
info[7]: 379
info[8]: 1
info[9]: 1
Variance
p[0]: 0.000414078436557166
p[1]: 0.0004140212411499372
p[2]: 11.25988475142949
p[3]: 7.183475448654822e-11
p[4]: 2.540057686253765e-12
p[5]: 0.8741264172094058
p[6]: 19.96118485082609
Correlation
1	
-1	1	
-0.971	0.971	1	
0.999	-0.998	-0.959	1	
-0.153	0.153	0.109	-0.164	1	
-0.958	0.958	0.978	-0.949	0.11	1	
0.963	-0.962	-0.985	0.953	-0.11	-0.999	1	
Levmar iterations: 100000
Levmar time: 0.005384
Linear time: 0.000198

Iterations 133
A=1031.309075207244
B=1026.377066540268
D=1026.377066540268
T=176.4079534065017
m=9.15791436668628e-05
C=-1.634259438367529e-05
w=11.0215664700752
p=2.037608734830343
a=-1.634259438367529e-05
r=11.0215664700752
Average error: 9.669035006597837e-05
info[0]: 0.007058395554816421
info[1]: 0.007058395554816421
info[2]: 0.001068537786494517
info[3]: 0
info[4]: 1.779286965701114e-190
info[5]: 1
info[6]: 2
info[7]: 379
info[8]: 1
info[9]: 1
Variance
p[0]: 0.000414078436557166
p[1]: 0.0004140212411499372
p[2]: 11.25988475142949
p[3]: 7.183475448654822e-11
p[4]: 2.540057686253765e-12
p[5]: 0.8741264172094058
p[6]: 19.96118485082609
Correlation
1	
-1	1	
-0.971	0.971	1	
0.999	-0.998	-0.959	1	
-0.153	0.153	0.109	-0.164	1	
-0.958	0.958	0.978	-0.949	0.11	1	
0.963	-0.962	-0.985	0.953	-0.11	-0.999	1	
Levmar iterations: 100000
Levmar time: 0.005473
Linear time: 0.000195

Iterations 134
A=1031.309075207244
B=1026.377066540268
D=1026.377066540268
T=176.4079534065017
m=9.15791436668628e-05
C=-1.634259438367529e-05
w=11.0215664700752
p=2.037608734830343
a=-1.634259438367529e-05
r=11.0215664700752
Average error: 9.669035006597837e-05
info[0]: 0.007058395554816421
info[1]: 0.007058395554816421
info[2]: 0.001068537786494517
info[3]: 0
info[4]: 4.722804272177332e-202
info[5]: 1
info[6]: 2
info[7]: 379
info[8]: 1
info[9]: 1
Variance
p[0]: 0.000414078436557166
p[1]: 0.0004140212411499372
p[2]: 11.25988475142949
p[3]: 7.183475448654822e-11
p[4]: 2.540057686253765e-12
p[5]: 0.8741264172094058
p[6]: 19.96118485082609
Correlation
1	
-1	1	
-0.971	0.971	1	
0.999	-0.998	-0.959	1	
-0.153	0.153	0.109	-0.164	1	
-0.958	0.958	0.978	-0.949	0.11	1	
0.963	-0.962	-0.985	0.953	-0.11	-0.999	1	
Levmar iterations: 100000
Levmar time: 0.005468
Linear time: 0.000195

Iterations 135
A=1031.309075207244
B=1026.377066540268
D=1026.377066540268
T=176.4079534065017
m=9.15791436668628e-05
C=-1.634259438367529e-05
w=11.0215664700752
p=2.037608734830343
a=-1.634259438367529e-05
r=11.0215664700752
Average error: 9.669035006597837e-05
info[0]: 0.007058395554816421
info[1]: 0.007058395554816421
info[2]: 0.001068537786494517
info[3]: 0
info[4]: 1.253585319471354e-213
info[5]: 1
info[6]: 2
info[7]: 379
info[8]: 1
info[9]: 1
Variance
p[0]: 0.000414078436557166
p[1]: 0.0004140212411499372
p[2]: 11.25988475142949
p[3]: 7.183475448654822e-11
p[4]: 2.540057686253765e-12
p[5]: 0.8741264172094058
p[6]: 19.96118485082609
Correlation
1	
-1	1	
-0.971	0.971	1	
0.999	-0.998	-0.959	1	
-0.153	0.153	0.109	-0.164	1	
-0.958	0.958	0.978	-0.949	0.11	1	
0.963	-0.962	-0.985	0.953	-0.11	-0.999	1	
Levmar iterations: 100000
Levmar time: 0.005369
Linear time: 0.000216

Iterations 136
A=1031.309075207244
B=1026.377066540268
D=1026.377066540268
T=176.4079534065017
m=9.15791436668628e-05
C=-1.634259438367529e-05
w=11.0215664700752
p=2.037608734830343
a=-1.634259438367529e-05
r=11.0215664700752
Average error: 9.669035006597837e-05
info[0]: 0.007058395554816421
info[1]: 0.007058395554816421
info[2]: 0.001068537786494517
info[3]: 0
info[4]: 3.327421723681988e-225
info[5]: 1
info[6]: 2
info[7]: 379
info[8]: 1
info[9]: 1
Variance
p[0]: 0.000414078436557166
p[1]: 0.0004140212411499372
p[2]: 11.25988475142949
p[3]: 7.183475448654822e-11
p[4]: 2.540057686253765e-12
p[5]: 0.8741264172094058
p[6]: 19.96118485082609
Correlation
1	
-1	1	
-0.971	0.971	1	
0.999	-0.998	-0.959	1	
-0.153	0.153	0.109	-0.164	1	
-0.958	0.958	0.978	-0.949	0.11	1	
0.963	-0.962	-0.985	0.953	-0.11	-0.999	1	
Levmar iterations: 100000
Levmar time: 0.005496
Linear time: 0.000194

Iterations 137
A=1031.309075207244
B=1026.377066540268
D=1026.377066540268
T=176.4079534065017
m=9.15791436668628e-05
C=-1.634259438367529e-05
w=11.0215664700752
p=2.037608734830343
a=-1.634259438367529e-05
r=11.0215664700752
Average error: 9.669035006597837e-05
info[0]: 0.007058395554816421
info[1]: 0.007058395554816421
info[2]: 0.001068537786494517
info[3]: 0
info[4]: 8.83205566885535e-237
info[5]: 1
info[6]: 2
info[7]: 379
info[8]: 1
info[9]: 1
Variance
p[0]: 0.000414078436557166
p[1]: 0.0004140212411499372
p[2]: 11.25988475142949
p[3]: 7.183475448654822e-11
p[4]: 2.540057686253765e-12
p[5]: 0.8741264172094058
p[6]: 19.96118485082609
Correlation
1	
-1	1	
-0.971	0.971	1	
0.999	-0.998	-0.959	1	
-0.153	0.153	0.109	-0.164	1	
-0.958	0.958	0.978	-0.949	0.11	1	
0.963	-0.962	-0.985	0.953	-0.11	-0.999	1	
Levmar iterations: 100000
Levmar time: 0.005419
Linear time: 0.0002

Iterations 138
A=1031.309075207244
B=1026.377066540268
D=1026.377066540268
T=176.4079534065017
m=9.15791436668628e-05
C=-1.634259438367529e-05
w=11.0215664700752
p=2.037608734830343
a=-1.634259438367529e-05
r=11.0215664700752
Average error: 9.669035006597837e-05
info[0]: 0.007058395554816421
info[1]: 0.007058395554816421
info[2]: 0.001068537786494517
info[3]: 0
info[4]: 2.344313820595081e-248
info[5]: 1
info[6]: 2
info[7]: 379
info[8]: 1
info[9]: 1
Variance
p[0]: 0.000414078436557166
p[1]: 0.0004140212411499372
p[2]: 11.25988475142949
p[3]: 7.183475448654822e-11
p[4]: 2.540057686253765e-12
p[5]: 0.8741264172094058
p[6]: 19.96118485082609
Correlation
1	
-1	1	
-0.971	0.971	1	
0.999	-0.998	-0.959	1	
-0.153	0.153	0.109	-0.164	1	
-0.958	0.958	0.978	-0.949	0.11	1	
0.963	-0.962	-0.985	0.953	-0.11	-0.999	1	
Levmar iterations: 100000
Levmar time: 0.005579
Linear time: 0.000195

Iterations 139
A=1031.309075207244
B=1026.377066540268
D=1026.377066540268
T=176.4079534065017
m=9.15791436668628e-05
C=-1.634259438367529e-05
w=11.0215664700752
p=2.037608734830343
a=-1.634259438367529e-05
r=11.0215664700752
Average error: 9.669035006597837e-05
info[0]: 0.007058395554816421
info[1]: 0.007058395554816421
info[2]: 0.001068537786494517
info[3]: 0
info[4]: 6.22256866973006e-260
info[5]: 1
info[6]: 2
info[7]: 379
info[8]: 1
info[9]: 1
Variance
p[0]: 0.000414078436557166
p[1]: 0.0004140212411499372
p[2]: 11.25988475142949
p[3]: 7.183475448654822e-11
p[4]: 2.540057686253765e-12
p[5]: 0.8741264172094058
p[6]: 19.96118485082609
Correlation
1	
-1	1	
-0.971	0.971	1	
0.999	-0.998	-0.959	1	
-0.153	0.153	0.109	-0.164	1	
-0.958	0.958	0.978	-0.949	0.11	1	
0.963	-0.962	-0.985	0.953	-0.11	-0.999	1	
Levmar iterations: 100000
Levmar time: 0.005563
Linear time: 0.000197

Iterations 140
A=1031.309075207244
B=1026.377066540268
D=1026.377066540268
T=176.4079534065017
m=9.15791436668628e-05
C=-1.634259438367529e-05
w=11.0215664700752
p=2.037608734830343
a=-1.634259438367529e-05
r=11.0215664700752
Average error: 9.669035006597837e-05
info[0]: 0.007058395554816421
info[1]: 0.007058395554816421
info[2]: 0.001068537786494517
info[3]: 0
info[4]: 1.651671397802763e-271
info[5]: 1
info[6]: 2
info[7]: 379
info[8]: 1
info[9]: 1
Variance
p[0]: 0.000414078436557166
p[1]: 0.0004140212411499372
p[2]: 11.25988475142949
p[3]: 7.183475448654822e-11
p[4]: 2.540057686253765e-12
p[5]: 0.8741264172094058
p[6]: 19.96118485082609
Correlation
1	
-1	1	
-0.971	0.971	1	
0.999	-0.998	-0.959	1	
-0.153	0.153	0.109	-0.164	1	
-0.958	0.958	0.978	-0.949	0.11	1	
0.963	-0.962	-0.985	0.953	-0.11	-0.999	1	
Levmar iterations: 100000
Levmar time: 0.005543
Linear time: 0.00022

Iterations 141
A=1031.309075207244
B=1026.377066540268
D=1026.377066540268
T=176.4079534065017
m=9.15791436668628e-05
C=-1.634259438367529e-05
w=11.0215664700752
p=2.037608734830343
a=-1.634259438367529e-05
r=11.0215664700752
Average error: 9.669035006597837e-05
info[0]: 0.007058395554816421
info[1]: 0.007058395554816421
info[2]: 0.001068537786494517
info[3]: 0
info[4]: 4.384071194891411e-283
info[5]: 1
info[6]: 2
info[7]: 379
info[8]: 1
info[9]: 1
Variance
p[0]: 0.000414078436557166
p[1]: 0.0004140212411499372
p[2]: 11.25988475142949
p[3]: 7.183475448654822e-11
p[4]: 2.540057686253765e-12
p[5]: 0.8741264172094058
p[6]: 19.96118485082609
Correlation
1	
-1	1	
-0.971	0.971	1	
0.999	-0.998	-0.959	1	
-0.153	0.153	0.109	-0.164	1	
-0.958	0.958	0.978	-0.949	0.11	1	
0.963	-0.962	-0.985	0.953	-0.11	-0.999	1	
Levmar iterations: 100000
Levmar time: 0.005482
Linear time: 0.000203

Iterations 142
A=1031.309075207244
B=1026.377066540268
D=1026.377066540268
T=176.4079534065017
m=9.15791436668628e-05
C=-1.634259438367529e-05
w=11.0215664700752
p=2.037608734830343
a=-1.634259438367529e-05
r=11.0215664700752
Average error: 9.669035006597837e-05
info[0]: 0.007058395554816421
info[1]: 0.007058395554816421
info[2]: 0.001068537786494517
info[3]: 0
info[4]: 1.16367458245298e-294
info[5]: 1
info[6]: 2
info[7]: 379
info[8]: 1
info[9]: 1
Variance
p[0]: 0.000414078436557166
p[1]: 0.0004140212411499372
p[2]: 11.25988475142949
p[3]: 7.183475448654822e-11
p[4]: 2.540057686253765e-12
p[5]: 0.8741264172094058
p[6]: 19.96118485082609
Correlation
1	
-1	1	
-0.971	0.971	1	
0.999	-0.998	-0.959	1	
-0.153	0.153	0.109	-0.164	1	
-0.958	0.958	0.978	-0.949	0.11	1	
0.963	-0.962	-0.985	0.953	-0.11	-0.999	1	
Levmar iterations: 100000
Levmar time: 0.005524
Linear time: 0.000196

Iterations 143
A=1031.309075207244
B=1026.377066540268
D=1026.377066540268
T=176.4079534065017
m=9.15791436668628e-05
C=-1.634259438367529e-05
w=11.0215664700752
p=2.037608734830343
a=-1.634259438367529e-05
r=11.0215664700752
Average error: 9.669035006597837e-05
info[0]: 0.007058395554816421
info[1]: 0.007058395554816421
info[2]: 0.001068537786494517
info[3]: 0
info[4]: 3.088769487651212e-306
info[5]: 1
info[6]: 2
info[7]: 379
info[8]: 1
info[9]: 1
Variance
p[0]: 0.000414078436557166
p[1]: 0.0004140212411499372
p[2]: 11.25988475142949
p[3]: 7.183475448654822e-11
p[4]: 2.540057686253765e-12
p[5]: 0.8741264172094058
p[6]: 19.96118485082609
Correlation
1	
-1	1	
-0.971	0.971	1	
0.999	-0.998	-0.959	1	
-0.153	0.153	0.109	-0.164	1	
-0.958	0.958	0.978	-0.949	0.11	1	
0.963	-0.962	-0.985	0.953	-0.11	-0.999	1	
Levmar iterations: 100000
Levmar time: 0.005544
Linear time: 0.000194

Iterations 144
A=1031.309075207244
B=1026.377066540268
D=1026.377066540268
T=176.4079534065017
m=9.15791436668628e-05
C=-1.634259438367529e-05
w=11.0215664700752
p=2.037608734830343
a=-1.634259438367529e-05
r=11.0215664700752
Average error: 9.669035006597837e-05
info[0]: 0.007058395554816421
info[1]: 0.007058395554816421
info[2]: 0.001068537786494517
info[3]: 0
info[4]: 8.198594496280063e-318
info[5]: 1
info[6]: 2
info[7]: 379
info[8]: 1
info[9]: 1
Variance
p[0]: 0.000414078436557166
p[1]: 0.0004140212411499372
p[2]: 11.25988475142949
p[3]: 7.183475448654822e-11
p[4]: 2.540057686253765e-12
p[5]: 0.8741264172094058
p[6]: 19.96118485082609
Correlation
1	
-1	1	
-0.971	0.971	1	
0.999	-0.998	-0.959	1	
-0.153	0.153	0.109	-0.164	1	
-0.958	0.958	0.978	-0.949	0.11	1	
0.963	-0.962	-0.985	0.953	-0.11	-0.999	1	
Levmar iterations: 100000
Levmar time: 0.005484999999999962
Linear time: 0.000195

Iterations 145
A=1031.309075207244
B=1026.377066540268
D=1026.377066540268
T=176.4079534065017
m=9.15791436668628e-05
C=-1.634259438367529e-05
w=11.0215664700752
p=2.037608734830343
a=-1.634259438367529e-05
r=11.0215664700752
Average error: 9.669035006597837e-05
info[0]: 0.007058395554816421
info[1]: 0.007058395554816421
info[2]: 0.001068537786494517
info[3]: 0
info[4]: 0
info[5]: 1
info[6]: 2
info[7]: 379
info[8]: 1
info[9]: 1
Variance
p[0]: 0.000414078436557166
p[1]: 0.0004140212411499372
p[2]: 11.25988475142949
p[3]: 7.183475448654822e-11
p[4]: 2.540057686253765e-12
p[5]: 0.8741264172094058
p[6]: 19.96118485082609
Correlation
1	
-1	1	
-0.971	0.971	1	
0.999	-0.998	-0.959	1	
-0.153	0.153	0.109	-0.164	1	
-0.958	0.958	0.978	-0.949	0.11	1	
0.963	-0.962	-0.985	0.953	-0.11	-0.999	1	
Levmar iterations: 100000
Levmar time: 0.005419
Linear time: 0.000207

Iterations 3514
A=1031.309075436218
B=1026.377066414317
D=1026.377066414317
T=176.4079809593355
m=9.157922389178596e-05
C=-1.634259322146702e-05
w=11.02155308185495
p=2.037647036159724
a=-1.634259322146702e-05
r=11.02155308185495
Average error: 9.669033237930931e-05
info[0]: 0.007058395554816421
info[1]: 0.00705839426368958
info[2]: 1.353682819171809e-06
info[3]: 0
info[4]: 5.308646697193632e-10
info[5]: 3369
info[6]: 2
info[7]: 8277
info[8]: 3369
info[9]: 3369
Variance
p[0]: 0.0004139383407206843
p[1]: 0.0004141620337862831
p[2]: 11.25988302348066
p[3]: 7.183477940225662e-11
p[4]: 2.540058459904886e-12
p[5]: 0.8741216939954638
p[6]: 19.96108759308699
Correlation
1	
-1	1	
-0.971	0.971	1	
0.998	-0.999	-0.959	1	
-0.153	0.153	0.109	-0.164	1	
-0.958	0.958	0.978	-0.949	0.11	1	
0.963	-0.963	-0.985	0.953	-0.11	-0.999	1	
Levmar iterations: 100000
Levmar time: 0.239717
Linear time: 0.000204

Iterations 3514
A=1031.309075436218
B=1026.377066414317
D=1026.377066414317
T=176.4079809593355
m=9.157922389178596e-05
C=-1.634259322146702e-05
w=11.02155308185495
p=2.037647036159724
a=-1.634259322146702e-05
r=11.02155308185495
Average error: 9.669033237930931e-05
info[0]: 0.007058395554816421
info[1]: 0.00705839426368958
info[2]: 1.353682819171809e-06
info[3]: 0
info[4]: 5.308646697193632e-10
info[5]: 3369
info[6]: 2
info[7]: 8277
info[8]: 3369
info[9]: 3369
Variance
p[0]: 0.0004139383407206843
p[1]: 0.0004141620337862831
p[2]: 11.25988302348066
p[3]: 7.183477940225662e-11
p[4]: 2.540058459904886e-12
p[5]: 0.8741216939954638
p[6]: 19.96108759308699
Correlation
1	
-1	1	
-0.971	0.971	1	
0.998	-0.999	-0.959	1	
-0.153	0.153	0.109	-0.164	1	
-0.958	0.958	0.978	-0.949	0.11	1	
0.963	-0.963	-0.985	0.953	-0.11	-0.999	1	
